https://42.tut.by/596391
https://news.tut.by/press/
https://news.tut.by/society/596538.html
https://news.tut.by/economics/596451.html
https://jobs.tut.by/
https://afisha.tut.by/news/fresh/594178.html
https://news.tut.by/society/595594.html
https://news.tut.by/top5news/
https://afisha.tut.by/news/kaleidoscope/596543.html
https://news.tut.by/society/594422.html
https://news.tut.by/tag/2135-bezrabotica.html
https://www.tut.by/resource/?r=1898&lid=188
https://kupi.tut.by/cifrovye-fotokamery/
https://avtotuning.tam.by/skidki/ckidka-do-10pri-pokupke-avtomobilnyh-kovrikov-v-salon-i-bagazhnik/
https://kupi.tut.by/ventilyatory-bytovye/
https://rebenok.by/inf/features/25506-pokupaem-kvartiru-s-mestom-v-gimnazy--infografika-o-rynke-nedvizhimosti-dlya-roditelei.html?utm_source=tut.by&utm_medium=title_block&utm_campaign=tut.by
https://finance.tut.by/news596463.html
https://news.tut.by/world/596537.html
https://news.tut.by/tag/ex5785-nedvizhimost.html
https://news.tut.by/economics/596453.html
https://rebenok.by/articles/stature/psycho/24563-kak-ostanovit-detskuyu-isteriku-zadav-vsego-odin-vopros.html?utm_source=tut.by&utm_medium=title_block&utm_campaign=tut.by
https://odisseya-tur.tam.by/skidki/skidka-10na-turblistatelnyi-sankt-peterburg/
https://realty.tut.by/news/new-settler/594554.html
https://tutby.com/advert/order/?utm_source=tut.by&utm_medium=link-block&utm_campaign=tut.by
https://lady.tut.by/news/life/
https://cars.av.by/volkswagen/sharan/13642344?utm_source=tut_main&utm_medium=refferal&utm_campaign=usedcar_adslink
https://kupi.tut.by/velosipedy-vzroslye-i-detskie/
https://www.tut.by/resource/?r=1898&id=4824
https://finance.tut.by/kurs/minsk/rubl/vse-banki/?sortBy=buy&sortDir=down
https://news.tut.by/go/595645.html
https://talks.by/forumdisplay.php?f=244
https://finance.tut.by/kurs/minsk/euro/vse-banki/?sortBy=buy&sortDir=down
https://afisha.tut.by/
https://news.tut.by/accidents/
https://afisha.tut.by/fotoreport/
https://salon.av.by/skoda-rapid/2018-liftbek/1-p-liftbak-5d/32900-smart.html?utm_source=tut_main&utm_medium=refferal&utm_campaign=newcar_adslink&utm_content=xc_90
https://profile.tut.by/externalauth.html?login=vk
https://finance.tut.by/news596521.html
https://finance.tut.by/
https://news.tut.by/rss.html
https://news.tut.by/world/596458.html
https://sport.tut.by/news/football/596483.html
https://42.tut.by/596519
https://finance.tut.by/kurs/minsk/euro/
https://news.tut.by/tehnogid/
https://www.tut.by/{{{url}}}
https://finance.tut.by/news596406.html
https://tam.by/user/add/
https://news.tut.by/economics/596470.html
https://42.tut.by/596078
https://news.tut.by/tag/2552-zabytye-revolyuciey.html
https://news.tut.by/world/596475.html
https://auto.tut.by/news/autonews/596493.html
https://afisha.tut.by/news/
https://afisha.tut.by/news/stars/596387.html
https://news.tut.by/society/595887.html
https://news.tut.by/culture/595812.html
https://www.tut.by/resource/?r=1898&id=4959
https://42.tut.by/596284
http://talks.by/
https://news.tut.by/world/596492.html
http://gonzai.org/
https://www.tut.by/resource/?r=1898&id=5076
https://news.tut.by/tag/ex5842-deti.html
https://news.tut.by/go/596351.html
https://42.tut.by/rubric/devices_tehno/
https://profile.tut.by/externalauth.html?login=google
https://kupi.tut.by/
https://42.tut.by/596287
https://news.tut.by/tag/2394-partnerskiy-material.html
https://kupi.tut.by/trenazhery/
https://news.tut.by/geonews/minsk/
https://realty.tut.by/news/offtop-realty/596449.html
https://lady.tut.by/news/lady-boss/
https://kolesoplyus.tam.by/skidki/besplatnyi-shinomontazh-pri-pokupke-shin-nokian-v-seti-shinnyh-tsentrovkolesoplyus/
https://realty.tut.by/news/money/595890.html
https://afisha.tut.by/tag/2117-obshchepit.html
https://news.tut.by/society/596440.html
https://alfales.tam.by/skidki/imitacia/
https://preved.tut.by/?clickid=47914&frameid=70&rnd=38297&u=44c8877886b74763877a452a97bfbd10
https://afisha.tut.by/theatre/
https://auto.tut.by/news/exclusive/595952.html
tel:+375172395701
https://afisha.tut.by/film/krasnyy-vorobey/
https://polonias.tam.by/skidki/notarialnyi-perevod-dokumentov-na-polskii-yazyk-v-podarok/
https://auto.tut.by/news/test-drive/
https://finance.tut.by/news591401.html
https://finance.tut.by/kurs/minsk/dollar/
https://preved.tut.by/?clickid=36609&frameid=222&rnd=86454&u=3c4dd5b0a46601ba1569305cf527f67c
https://news.tut.by/tag/2505-pravilnoe-pitanie.html
https://news.tut.by/tag/1733-domashnie-zhivotnye.html
https://news.tut.by/tehnogid/596429.html
https://rebenok.by/articles/stature/psycho/25511-17-umoritelnykh-zapisok-ot-samykh-ostroumnykh-na-svete-roditelei.html?utm_source=tut.by&utm_medium=title_block&utm_campaign=tut.by
https://news.tut.by/economics/596382.html
https://news.tut.by/society/596217.html
https://vk.com/tutby
https://finance.tut.by/arhiv/?currency=RUB
https://finance.tut.by/news596435.html
https://news.tut.by/society/596013.html
https://av.by/?utm_source=tut_main&utm_medium=refferal&utm_campaign=burger
https://news.tut.by/society/596430.html
https://news.tut.by/world/596488.html
https://www.tut.by/unews/?utm_source=www.tut.by&utm_medium=footer&utm_campaign=editorial_link
https://news.tut.by/tag/ex5767-vooruzheniya.html
https://cars.av.by/search/extended?utm_source=tut_main&utm_medium=refferal&utm_campaign=search
https://www.tut.by/
https://plati.tut.by/
https://afisha.tut.by/news/anews/596445.html
https://arthata.tam.by/skidki/free-design/
https://lady.tut.by/news/life/596104.html
https://news.tut.by/economics/596484.html
https://news.tut.by/tag/2502-motivaciya.html
https://auto.tut.by/news/offtop/596504.html
https://kupi.tut.by/accessories-for-irrigation/
https://www.tut.by/resource/?r=1898&id=4925
https://av.by/?utm_source=tut_main&utm_medium=refferal&utm_campaign=brandlink
https://news.tut.by/accidents/596472.html
http://rebenok.by/community/index.php?utm_source=tut.by&utm_medium=title_block&utm_campaign=tut.by
https://finance.tut.by/news594714.html
https://bugaga.tut.by/attachments/40200/style.css
https://news.tut.by/society/596540.html
https://finance.tut.by/tag/exclusive/
https://news.tut.by/world/596508.html
https://news.tut.by/
https://reklama.tam.by/
http://jobs.tut.by/vacancy/25844606
https://news.tut.by/go/
https://auto.tut.by/news/exclusive/
https://news.tut.by/auto/596490.html
https://probusiness.io/experience/4697-kak-pokupka-sobaki-privela-khozyayku-v-biznes-istoriya-salona-zoostil.html?utm_source=tut.by&utm_medium=title_block&utm_campaign=tut.by
https://www.tut.by/poll/3708
https://news.tut.by/tag/2501-aktivnyy-otdykh.html
http://plati.tut.by/
https://kupi.tut.by/samokaty/recipes/elektrosamokat/
https://kupi.tut.by/avtomobilnye-kholodilniki/
https://finance.tut.by/news596358.html
https://probusiness.io/section/events/?utm_source=tut.by&utm_medium=title_block&utm_campaign=tut.by
https://42.tut.by/595425
https://kupi.tut.by/tovary-dlya-okhoty-i-rybalki/
https://lady.tut.by/
https://afisha.tut.by/rubric/stars
https://finance.tut.by/credits/potrebitelskij/
https://news.tut.by/economics/596357.html
https://preved.tut.by/?clickid=51441&frameid=825&keywordid=&rnd=6960&u=28a3334d219a815160b32636f83fb34b&redirect_uri=https://russkie-samocvety.tam.by/skidki/skidka-50na-vse-yuvelirnye-izdeliya-iz-zolota-s-dragotsennymi-vstavkami/
https://42.tut.by/596020
https://news.tut.by/tamby/593992.html
https://42.tut.by/tag/2129-testy.html
http://jobs.tut.by/vacancy/26319910
https://kupi.tut.by/planshety/
https://holamovacenter.tam.by/skidki/express-otkritie/
https://news.tut.by/economics/594242.html
https://kupi.tut.by/ekshn-kamery/
https://finance.tut.by/news596388.html
https://42.tut.by/596510
https://sport.tut.by/news/hockey/
https://tam.by/krasota/salony-krasoty/?utm_source=text_links&utm_medium=main_tut&utm_campaign=tam_by
https://finance.tut.by/news595949.html
http://afisha.tut.by/online-cinema/
https://auto.tut.by/tell_news
https://pogoda.tut.by/
https://news.tut.by/unews/
https://sport.tut.by/football/world-cup-2018/
https://news.tut.by/economics/596352.html
https://news.tut.by/press/596425.html
https://news.tut.by/society/596461.html
https://news.tut.by/press/596438.html
https://www.tut.by/
http://rebenok.by/inf?utm_source=tut.by&utm_medium=title_block&utm_campaign=tut.by
https://chats.viber.com/tut.by
https://kupi.tut.by/televizory-i-plazmennye-paneli/recipes/oled/
https://news.tut.by/tag/1887-fotoistoriya.html
https://sport.tut.by/news/football/
https://tutby.com/advert/price/
https://afisha.tut.by/film/dedpul-2/
https://probusiness.io/
https://tam.by/
https://news.tut.by/culture/595515.html
https://realty.tut.by/news/new-settler/596236.html
https://news.tut.by/culture/596278.html
https://realty.tut.by/news/building/596097.html
https://news.tut.by/culture/
https://av.by/?utm_source=tut_main&utm_medium=refferal&utm_campaign=catalog
https://www.tut.by/contacts/
https://realty.tut.by/news/building/596332.html
https://news.tut.by/society/
https://finance.tut.by/arhiv/?currency=USD
https://sport.tut.by/news/aboutsport/596063.html
https://www.tut.by/resource/
https://finance.tut.by/karty/
https://probusiness.io/experience/4692-eto-bylo-ozarenie-obezdili-polmira-i-nashli-delo-po-dushe-proizvodstvo-mebeli-iz-starykh-lodok.html?utm_source=tut.by&utm_medium=title_block&utm_campaign=tut.by
https://hoster.by/?utm_source=tutby&utm_medium=link&utm_campaign=footer&utm_term=cloud
https://news.tut.by/culture/596383.html
https://lady.tut.by/news/style/
https://finance.tut.by/news588321.html
https://news.tut.by/tag/ex6030-belarus-kitay.html
https://preved.tut.by/?clickid=51442&frameid=820&keywordid=&rnd=8409&u=fb792740cc16692757a82fc02e0ed8f1
https://news.tut.by/world/596479.html
https://kupi.tut.by/
https://news.tut.by/tag/photo.html
https://cars.av.by/?utm_source=tut_main&utm_medium=refferal&utm_campaign=addlink
https://kupi.tut.by/naushniki/
https://rebenok.by/tags/child.html?utm_source=tut.by&utm_medium=title_block&utm_campaign=tut.by
https://news.tut.by/press/595914.html
https://sport.tut.by/news/football/596506.html
https://news.tut.by/press/596065.html
https://officeton.tam.by/skidki/pri-pokupke-2-tochilok-milanavtomaticheskii-karandash-capsule-v-podarok/
https://auto.tut.by/pdd_test
https://sport.tut.by/
https://news.tut.by/?sort=time
https://news.tut.by/culture/596443.html
https://twitter.com/tutby/
https://tutby.com/advert/special/
https://lady.tut.by/news/our-overseas/596343.html
https://news.tut.by/tag/1945-vypusknoy.html
https://auto.tut.by/
https://news.tut.by/tag/2325-kriticheskaya-massa.html
https://finance.tut.by/arhiv/?currency=EUR
https://realty.tut.by/news/offtop-realty/595580.html
https://news.tut.by/tag/1118-zhizn.html
https://probusiness.io/articles/?utm_source=tut.by&utm_medium=title_block&utm_campaign=tut.by
https://news.tut.by/press/596304.html
https://lady.tut.by/news/stars/
https://www.tut.by/resource/?r=1898&id=4685
https://news.tut.by/tag/1465-khobbi.html
https://news.tut.by/economics/596364.html
https://auto.tut.by/news/video/
https://news.tut.by/culture/596423.html
http://search.tut.by/
https://news.tut.by/tag/214-pozitiv.html
https://auto.tut.by/news/accidents/596536.html
https://finance.tut.by/kurs/minsk/rubl/
https://cars.av.by/audi/a6-allroad/13629710?utm_source=tut_main&utm_medium=refferal&utm_campaign=usedcar_adslink
https://profile.tut.by/externalauth.html?login=facebook
https://news.tut.by/tag/2129-testy.html
https://news.tut.by/society/596113.html
https://news.tut.by/culture/596509.html
https://news.tut.by/society/596520.html
https://news.tut.by/world/596477.html
http://rebenok.by/
https://sport.tut.by/news/biathlon/
https://news.tut.by/economics/596507.html
https://kupi.tut.by/portativnaya-akustika/
https://auto.tut.by/news/exclusive/592258.html
https://b4y.tam.by/skidki/skidka-10na-pokupku-saun-ban/
https://afisha.tut.by/news/culture/596141.html
https://news.tut.by/go/596381.html
https://afisha.tut.by/rubric/reviews
http://jobs.tut.by/employer/1314385
https://www.tut.by/route/appear/smart/?l=https://smart.tut.by/
https://afisha.tut.by/news/anews/596437.html
https://probusiness.io/section/pay_and_read/?utm_source=tut.by&utm_medium=title_block&utm_campaign=tut.by
https://news.tut.by/tag/2601-humans-of-minsk.html
https://42.tut.by/rubric/internet/
https://news.tut.by/tag/2524-festivali.html
https://kupi.tut.by/pylesosy/recipes/roboty/
https://news.tut.by/economics/596497.html
https://profile.tut.by/secret.html
https://news.tut.by/tag/32-politika.html
http://jobs.tut.by/vacancy/25577211
https://auto.tut.by/news/accidents/
https://afisha.tut.by/exhibition/
http://vashdom.tut.by/forum/index.php
http://jobs.tut.by/employer/1380246
https://artemotors.tam.by/skidki/besplatnaya-zamena-masla-kazhdyi-ponedelnik/
https://finance.tut.by/zayavka-na-rko/?utm_source=tut.by&utm_medium=dengi-i-vlast-logo&utm_campaign=rko
https://city-sushi.tam.by/skidki/skidka-41na-set-chikago735g/
https://news.tut.by/tag/1451-semya.html
https://afisha.tut.by/news/moviepremiere/594264.html
https://probusiness.io/?utm_source=tut.by&utm_medium=title_block&utm_campaign=tut.by
https://www.youtube.com/user/TUTBYtv
https://talks.by/getlast.php?main=14265317
https://jobs.tut.by/applicant/resumes/new
https://42.tut.by/
http://help.blog.tut.by/
https://news.tut.by/society/595555.html
https://afisha.tut.by/party/
https://afisha.tut.by/news/anews/595450.html
https://realty.tut.by/
https://realty.tut.by/news/new-settler/595074.html
https://probusiness.io/event/4605-osnovatel-dodo-picca-vystupit-na-biznes-budushchego-2018.html?utm_source=tut.by&utm_medium=title_block&utm_campaign=tut.by
https://news.tut.by/economics/596290.html
https://news.tut.by/tamby/594385.html
https://news.tut.by/society/596421.html
https://news.tut.by/society/596442.html
https://sport.tut.by/news/hockey/596518.html
https://news.tut.by/tag/ex5856-pogoda.html
https://afisha.tut.by/film/khan-solo-zvezdnye-voyny-istorii/
https://afisha.tut.by/day/2018/06/12/
https://news.tut.by/tag/tutby-tv.html
https://42.tut.by/rubric/videogames/
https://afisha.tut.by/concert/
https://news.tut.by/tag/1792-rekonstrukciya.html
https://www.facebook.com/tut.by/
https://news.tut.by/limitation.html
https://42.tut.by/596416
https://kupi.tut.by/blisks-and-giroskutery/
https://news.tut.by/economics/596340.html
https://afisha.tut.by/news/anews/596373.html
https://www.tut.by/resource/?r=1898&id=5065
https://realty.tut.by/news/expertise/596389.html
https://hoster.by/
http://afisha.tut.by/
http://mail.tut.by/
https://news.tut.by/economics/596310.html
https://finance.tut.by/kurs/
https://news.tut.by/culture/596523.html
https://tam.by/?rr=15800
https://www.instagram.com/tutbylive/
http://mobile.tut.by/app-news-iphone.html?utm_source=TUT.BY&utm_medium=ref&utm_campaign=footer_mainpage
https://auto.tut.by/news/offtop/596517.html
https://afisha.tut.by/news/anews/596390.html
https://lady.tut.by/news/body/
https://news.tut.by/?sort=time
https://realty.tut.by/news/new-settler/
https://profile.tut.by/newtut.html
https://tsentr-perevodov.tam.by/skidki/skidka-20na-perevod-dokumentov-s-notarialnym-zavereniem-dlya-novogo-biznesa/
https://news.tut.by/world/596513.html
https://preved.tut.by/?clickid=50786&frameid=819&keywordid=&rnd=8767&u=903bfc72c2cc3a4a2e4ae6e98afa0c7f&redirect_uri=https://svet-goroda.tam.by/skidki/skidka-10na-svetovye-paneli-dlya-vitrin-i-interera/
https://news.tut.by/world/596511.html
https://42.tut.by/rubric/weapon/
https://finance.tut.by/kurs/minsk/dollar/vse-banki/?sortBy=buy&sortDir=down
https://cars.av.by/mini/clubman/13429904?utm_source=tut_main&utm_medium=refferal&utm_campaign=usedcar_adslink
https://maps.tut.by/
https://ok.ru/tutby
https://auto.tut.by/news/road/596541.html
https://jobs.tut.by/search/vacancy?area=1002
https://news.tut.by/society/596194.html
http://mobile.tut.by/?utm_source=TUT.BY&utm_medium=ref&utm_campaign=footer_mainpage
https://sport.tut.by/rubric/aboutsport/
https://realty.tut.by/catalog/
https://rebenok.by/articles/woman/jobs/25513-byli-slezy-i-zhelanie-uvolitsya-s-kakimi-trudnostyami-stalkivayutsya-beloruski-vykhodya-iz-dekreta.html?utm_source=tut.by&utm_medium=title_block&utm_campaign=tut.by
https://tvset.tut.by/
http://rebenok.by/?utm_source=tut.by&utm_medium=title_block&utm_campaign=tut.by
https://news.tut.by/tag/ex7174-rynok-truda.html
https://preved.tut.by/?clickid=40200&frameid=797&keywordid=&rnd=6710&u=cacff48d79f73177089fec0eba68ef3d&redirect_uri=https://afisha.tut.by/online-cinema/
https://news.tut.by/tag/1422-zdorovyy-obraz-zhizni.html
https://realty.tut.by/news/new-settler/594151.html
https://afisha.tut.by/film/
https://news.tut.by/tamby/586840.html
https://sport.tut.by/news/cross-country-skiing/596459.html
https://news.tut.by/tag/89-obrazovanie.html
https://auto.tut.by/news/accidents/596501.html
https://news.tut.by/economics/
https://kupi.tut.by/multivarki/
http://rebenok.by/tags/state.html?utm_source=tut.by&utm_medium=title_block&utm_campaign=tut.by
https://auto.tut.by/news/offtop/596478.html
https://tutby.com/
https://sport.tut.by/news/football/595300.html
https://news.tut.by/society/596495.html
https://lady.tut.by/news/food/596295.html
https://sport.tut.by/news/aboutsport/573470.html
https://afisha.tut.by/kids/
https://news.tut.by/society/596375.html
https://lady.tut.by/news/mylife/596392.html
https://realty.tut.by/news/offtop-realty/595712.html
https://sport.tut.by/rubric/handball/
https://realty.tut.by/news/from-builder/
https://www.tut.by/route/lang/bel/?l=https://www.tut.by/
https://news.tut.by/tag/1116-medicina.html
http://mobile.tut.by/app-news-android.html?utm_source=TUT.BY&utm_medium=ref&utm_campaign=footer_mainpage
https://news.tut.by/world/
https://news.tut.by/probusiness/596376.html?utm_source=tut.by&utm_medium=title_block&utm_campaign=tut.by
https://news.tut.by/society/593818.html
https://news.tut.by/culture/595407.html
https://news.tut.by/economics/596314.html
tel:+375172395777
https://42.tut.by/596344
https://afisha.tut.by/news/culture/595979.html
https://lady.tut.by/tag/2199-testy-ledi.html
https://42.tut.by/rubric/education/
https://afisha.tut.by/news/kaleidoscope/594457.html
https://img.tyt.by/432x288c/n/kultura/10/f/humans_of_minsk_20180602_sdm_tutby_phsl_0l2a9936.jpg
https://img.tyt.by/432x288c/n/it/02/b/samsung-galaxy-note-9-4k-render-91mobiles-1.jpg
https://img.tyt.by/120x80c/n/it/01/8/tramp_g7_fotozhaby_1.jpg
https://img.tyt.by/621x414c/n/it/05/c/elis_roberts_idealnaya_zhenshchina_2.jpg
https://img.tyt.by/p/08/3/krynka12062018_7_.jpg
https://img.tyt.by/432x288c/n/obshchestvo/01/6/vera_yaroshik_20180605_khar_tutby_phsl_0477.jpg
https://img.tyt.by/432x288c/n/nedvizhimost/09/4/semkovoimg_20180530_123568.jpg
https://img.tyt.by/p/08/d/krynka12062018_8_.jpg
https://img.afisha.tut.by/img/194x158c/screens/09/b/dedpul-2-1549914.jpg
https://c1hit.tut.by/stat/820/51442/img/152879549/8409_advertising.gif
https://img.tyt.by/432x288c/n/nedvizhimost/04/1/bashnya_minsk_na_zhukova_06.jpg
https://img.tyt.by/150x100c/p/0f/3/tit_fotodc12062018.jpg
https://img.tyt.by/432x288c/n/os/08/9/1bmv.jpg
https://mc.yandex.ru/watch/46086984?ut=noindex
https://img.tyt.by/i/tr.gif
https://img.tyt.by/552x368c/n/zamirovskiy/09/0/_07_finansy_dengi_lyudi_20180530_zam_tutby_phsl.jpg
https://img.tyt.by/432x288c/n/shukaylo/01/10/shish_kriticheskaya_massa_posle_20171218_shuk_tutby_phsl_6210.jpg
https://img.tyt.by/621x414c/n/lady.tut.by/00/a/anemiya_fankoni_18_.jpg
https://img.av.by/public_images/420x280/013/62/97/public_13629710_b_10c1917.jpeg?20150407
https://img.tyt.by/120x80c/externals/04/9/e905c64611f4b4e1abb2aafdc2f02defc539143d-cfb0a6e6b65225f86be7be96f82046d0.jpg
https://www.tut.by/{{{preview.url}}}
https://img.tyt.by/621x414c/n/shukaylo/02/f/fudkort_vid_na_minsk_20180528_shuk_tutby_phsl_3662.jpg
https://img.tyt.by/120x80c/n/avto/07/8/toyota-3_grt_12062018-1.jpg
https://img.tyt.by/120x80c/n/afisha/10/1/ne_igra_kadr_2-min.jpg
https://c1hit.tut.by/stat/819/50786/img/152879549/8767_advertising.gif
https://pagead2.googlesyndication.com/pagead/show_ads.js
https://bugaga.tut.by/
https://img.tyt.by/390x260c/n/kultura/05/10/test_bel_mova3.jpg
https://img.tyt.by/390x260c/n/shukaylo/02/f/fudkort_vid_na_minsk_20180528_shuk_tutby_phsl_3662.jpg
https://www.tut.by/push/fe8daf4c-ea96-11e5-8de3-00215ae090fb/app.js
https://img.tyt.by/120x80c/p/0c/5/foto_-_titulnoeyavid12062018.jpg
https://img.tyt.by/390x260c/n/buryakina/0c/5/den_donora_20170613_bur_tutby_phsl_2888.jpg
https://img.tyt.by/432x288c/n/it/07/a/xiaomi_logo.jpg
https://img.av.by/public_images/420x280/013/64/23/public_13642344_b_4caf17f.jpeg?20150407
https://img.tyt.by/432x288c/n/buryakina/00/c/yarmarka_vakansiy_20171018_bur_tutby_phsl_-5991.jpg
https://img.tyt.by/390x260c/p/0a/8/glavnaya_kartinkaavyp.jpg
https://img.tyt.by/120x80c/n/it/01/e/pauk_dlinnonogiy_senokosec_domashniy_1.jpg
https://img.tyt.by/kupi/img/1524049896.jpg
https://img.tyt.by/120x80c/p/0f/a/christmas-3013762_1280.jpg
https://img.tyt.by/390x260c/n/reuters/08/e/rtx68mms_tramp-kim_che_yn.jpg
https://img.tyt.by/i/by5/weather/d/5.png
https://img.tyt.by/120x80c/p/03/5/s_4_450x300.jpg
https://www.tut.by/scripts/BY/ga~r24692.js
https://img.tyt.by/432x288c/n/os/10/8/3_moya_kvartira_moy_dizayn_29.05.jpg
https://img.tyt.by/432x288c/n/obshchestvo/05/4/igor_kapuza_arkhivnye_dokumenty_-_2.jpg
https://img.tyt.by/120x80c/p/01/d/img6.jpg
https://img.tam.by/420x280c/offers/06/1/7214769982d4c4a890b07f54d346d998ba8d47db-1.jpg
https://img.tyt.by/i/by5/av-logo-title.png
https://img.tyt.by/kupi/img/1526022835.jpg
https://img.tam.by/420x280c/offers/04/0/91d5165cbce557d634f01a791a8bd89a8f42c5a1-1.jpg
https://www.tut.by/scripts/by5/addon.min~r24692.js
https://img.tyt.by/432x288c/n/kultura/10/7/ariana_feygina1.jpg
https://img.tyt.by/kupi/img/1519992003.jpg
https://c1hit.tut.by/stat/826/13944/img/152879549/59984.gif
https://c1hit.tut.by/stat/70/47914/img/152879549/38297.gif
https://img.av.by/public_images/420x280/013/42/99/public_13429904_b_9d3df15.jpeg?20150407
https://img.tyt.by/432x288c/p/02/1/titul_belrobototekhnika_tekhnogid_12.06.jpg
https://img.tam.by/420x280c/offers/0f/2/94ec5c8717740ca9556da25d9eb14af4-1.jpg
https://www.tut.by/scripts/by4/jquery-2.2.4~modernizr~bootstrap~jquery.touchSwipe~bootstrap-ext~core~v4~swfobject~ext~topbar~search~auth~resource~hint~geo~geo-ext~tut_ads~handlebars~r24692.js
https://img.tyt.by/kupi/img/1514451971.jpg
https://img.tyt.by/i/by4/logo-rus-20121023.png
https://mc.yandex.ru/watch/17863687
https://img.tyt.by/432x288c/n/os/02/0/21_moya_kvartira_moy_dizayn_31.05.jpg
https://img.afisha.tut.by/img/194x158c/screens/06/b/krasnyy-vorobey-8325705.jpg
https://img.tam.by/420x280c/offers/0b/9/889db789025b57c477cd861a0abc0878-1.jpg
https://img.tyt.by/432x288c/n/os/09/2/euroopt_kvartira_shpak_3_.jpg
https://img.tyt.by/120x80c/n/tv/sport/0e/e/world-cup-2018.jpg
https://img.tyt.by/432x288c/n/os/0f/8/img_3645-edit1.jpg
https://img.tyt.by/120x80c/n/sport/0a/8/korzun-nikita-2016-2-2.jpg
https://img.tyt.by/120x80c/n/afisha/04/6/muzykalnyy-festival-most-8561361.jpg
https://img.afisha.tut.by/img/194x158c/screens/01/5/khan-solo-zvezdnye-voyny-istorii-336281.jpg
https://www.tut.by/scripts/by4/jquery.touchSwipe.min~respond.min~r24692.js
https://img.tyt.by/i/3x2.gif
https://news.tut.by/rss/index.rss
https://img.tyt.by/150x100c/p/09/6/tut.by_mainavypavp.jpg
https://img.tyt.by/
https://img.tam.by/420x280c/offers/00/a/2858a470a33e7aa2032a09c57fd30c2a.jpg
https://img.tam.by/420x280c/offers/07/d/dbf7d484ad7765f156e356f0d7b844cc-2.jpg
https://www.tut.by/css/by5/v5.2.4~r24732.css?Y2YhFjN2cjZzMWZkJDZkFzYllTY2AzM1QGM2kTO5YjZ
https://img.tyt.by/120x80c/externals/04/7/f896aedfc0d4fdf1d306ddc4928214c662f5349a-c252ca59e7ec1ec7b6c160e83ad2d9da.jpg
https://img.tyt.by/432x288c/n/regiony/0c/a/07.06.2018_miron_klimovich_nemec_gubert_virt_edet_na_raritetnom_traktore_v_moskvu-2.jpg
https://img.tyt.by/621x414c/externals/0d/a/f17c9783baaaa3b4cbcc2699916482cc6f08c131-ec9b39fbfedb2aeb55f8eeadf154f7d0.jpg
https://img.tyt.by/75x50c/p/0e/a/sitbel_tgb_75_50_zamena_2.jpg
https://bugaga.tut.by/47914_6.png
https://c1hit.tut.by/stat/219/45466/img/152879549/221.gif
https://img.tam.by/420x280c/crop_offers/0a/6/imitaciya_5631f28205fe0.jpg
https://img.tyt.by/390x260c/n/minsk/0e/d/karer_na_goreckogo_11062018_14.jpg
https://img.tyt.by/150x100c/p/00/7/glavnaja_shkoda_1206.jpg
https://img.tyt.by/i/by4/weather/128/d/5.png
https://img.tam.by/420x280c/offers/02/0/4d65c58304165b0142ee2bc8d3ef639edda75272-1.jpg
https://img.tyt.by/120x80c/n/os/03/5/prosto_1.00_stop_2.jpg
https://img.tyt.by/432x288c/n/brushko/01/0/maksim_bogdanovich_07062018_tutby_brush_phsl_2366.jpg
https://img.tam.by/420x280c/offers/00/5/224ae2521dcc4be3a52266b8181a26de-2.jpg
https://img.tam.by/420x280c/offers/00/1/ded2b1c4436968d44e9c2ba535bd9a8bf08eb07b-1.jpg
https://www.googletagservices.com/tag/js/gpt.js
https://img.tyt.by/120x80c/n/09/a/shvedskiy_stol_sladosti.jpg
https://bugaga.tut.by/36609_240.jpg
https://img.tyt.by/432x288c/n/brushko/10/e/tomatis_05062018_tutby_brush_phsl--1622.jpg
https://news.tut.by/rss/press.rss
https://s1r.tut.by/api?1
https://img.tyt.by/120x80c/n/balay/09/1/vysotki_malinovka_dzerzhinskogo_20160526_bas_tutby_phs_dsc1930.jpg
https://img.tam.by/420x280c/user_uploads/05/7/19886573f65df81005e31bd68c569cf8a474cdfa.jpg
https://c1hit.tut.by/stat/1126/50286/img/152879549/6325_advertising.gif
https://img.tyt.by/432x288c/n/regiony/0f/f/grodno_sobaka_20180603_gord_tutby_phsl_-6489.jpg
https://img.tam.by/420x280c/offers/00/7/a12fd265a4ed15ce5a7260853d7df06cd53a1f8c.jpg
https://img.tyt.by/432x288c/n/afisha/03/e/zvezdy_muzhena_franciya_dscf0898.jpg
https://img.tyt.by/120x80c/externals/0c/3/d661b8a299d4dda5386f4b640ada154539678760-bf24270b8974acae41dc45846d58828c.jpg
https://img.tyt.by/120x80c/n/reuters/02/c/plyazhnyy_otdykh_turizm_otpusk_reuters_rtx3hqdd.jpg
https://kupi.tut.by/
https://news.tut.by/rss/all.rss
https://www.tut.by/favicon.ico
https://img.tyt.by/120x80c/n/fotofact/0d/2/rtx68bzz.jpg
https://img.tyt.by/432x288c/n/os/02/10/sawushkin.jpg
https://img.tyt.by/reklama/rubriki/08/1/img-text.png
https://img.tyt.by/621x414c/n/vasyukovich/09/8/lidbeer_vas_tutby_phsl_19092015_img_1742.jpg
https://img.tyt.by/120x80c/externals/08/4/ccefbd824f1f61ba04d402b0549037a17144c6fb-6e13fd48579e117523405146acd61b62.jpg
https://reklama.tut.by/
https://pagead2.googlesyndication.com/pagead/js/adsbygoogle.js
https://ad.mail.ru/static/ads-async.js
https://img-salon.a.tyt.by/420x280c/catalog/skoda/rapid/2017/0f/0/5.jpeg?20150407
https://img.tyt.by/120x80c/p/04/1/titulnayayapavp.jpg
https://c1hit.tut.by/stat/797/40200/img/152879549/6710.gif
https://www.tut.by/
https://img.tyt.by/150x100c/p/08/2/titulnayafurnikon12062018.jpg
https://img.tyt.by/150x100c/n/afisha/01/2/dreamland_20180603_dom_tutby_phsl-_.jpg_20.jpg
https://news.tut.by/
https://img.tyt.by/621x414c/n/avto/10/8/v_rostove_rasplavilsya_leksus.jpg
https://img.tyt.by/i/by5/logo-tam.png
https://img.tyt.by/621x414c/n/nedvizhimost/03/b/kukhnya_svet5.jpg
https://img.tyt.by/150x100c/p/01/6/main2vapyvay.jpg
https://img.tyt.by/advert/afisha/banners/img/icon-movie.png
https://img.tyt.by/432x288c/n/it/07/0/voyna_pervaya_ataka_b_qw4_d-dm0.jpg
https://img.tyt.by/621x414c/externals/0a/0/fce0bde70066d4da9ca8775b361bb6eb20b56e2d-b151fb1fa8eab6ef369a8446181bbba5.jpg
https://img.tyt.by/432x288c/n/os/0c/9/test_chay_vopros1.jpg
https://www.tut.by/scripts/by2/xgemius.js
https://img.tam.by/
https://img.tyt.by/120x80c/n/it/02/0/mi_gaming_mouse.jpg
https://c1hit.tut.by/stat/221/43053/img/152879549/2992.gif
https://cdn.onthe.io/io.js?XSqNGqD9x5Ym
https://img.tyt.by/432x288c/n/os/0b/10/screenshot_6_voka6.jpg
https://www.tut.by/
https://img.tyt.by/621x414c/n/sport/0d/9/kaminskaya-2018-1.jpg
https://c1hit.tut.by/stat/1124/48881/img/152879549/7155.gif
https://img.tyt.by/120x80c/n/shukaylo/08/7/yarmarka_vakansiy_20180426_shuk_tutby_phsl_7925.jpg
https://img.tyt.by/catalog/icons/icon_sell.png
https://img.tyt.by/120x80c/n/vasyukovich/04/4/zaselenie_gazprom_vas_tutby_phsl_18082015_img_9030.jpg
https://img.tam.by/420x280c/offers/0b/f/072aa0801cc2b1feab0d4141b9a9eebe9be2caf2-1.jpg
https://img.tyt.by/432x288c/n/afisha/09/3/zvezdy_muzhena_franciya_dscf0954.jpg
https://yastatic.net/pcode/adfox/loader.js
https://img.tyt.by/150x100c/p/05/c/titulnaya_2_vaypvap.jpg
https://img.tyt.by/120x80c/n/lady.tut.by/0a/5/ya_dolzhna_byla_umeret_2.jpg
https://img.tyt.by/621x414c/n/reuters/10/d/kim_chen_yn_11062018.jpg
https://img.tyt.by/279x186c/n/reuters/06/10/rtx68n40_tramp_i_kim_chen_yn.jpg
https://img.tyt.by/621x414c/n/07/3/starost_pensiya.jpg
https://img.tyt.by/432x288c/n/os/07/10/10_moya_kvartira_moy_dizayn_31.051.jpg
https://bugaga.tut.by/13944_1px.png
https://img.tyt.by/120x80c/n/sport/0e/a/ovechkin-fontan-2018-11.jpg
https://img.tyt.by/120x80c/n/avto/07/0/audi_s6_2018_spy_1.jpg
https://img.tyt.by/120x80c/n/it/0e/5/internet_hacker_5.jpg
https://img.tyt.by/390x260c/n/reuters/08/10/rtx68dn4_limuzin_kim_chen_yna_singapur.jpg
https://c1hit.tut.by/stat/222/36609/img/152879549/86454.gif
https://img.tam.by/420x280c/offers/02/9/fc7d6858289effce39c95cfddc849b4a-1.png
https://img.tyt.by/120x80c/n/reuters/04/10/rtx68h2q_limuzin_trampa_singapur.jpg
https://img.tyt.by/kupi/img/1526023287.jpg
https://www.tut.by/?lang=bel
https://img.tyt.by/390x260c/n/fotofact/0d/2/rtx68bzz.jpg
https://img.tyt.by/120x80c/externals/04/d/dbd163da94a9c50f334359ec26bfd8411e1034ae-aec9f091b41c6060b6be74f233dc36c0.jpg
https://preved.tut.by/
https://img.tyt.by/432x288c/n/nedvizhimost/00/6/na_ptichi_dachi_chinovnikov_20180605_shuk_tutby_phsl_5614.jpg
https://img.tyt.by/432x288c/n/obshchestvo/07/5/vladislav_barkovskij_vypusknoj_20180609_avk_tutby_phsl--9362.jpg
https://img.tyt.by/120x80c/n/lady.tut.by/00/c/nashi_za_granicey_minnesota_1_.jpg
https://img.tyt.by/120x80c/n/it/04/3/schematics-for-6.5-inch-apple-iphone-leak-showing-a-triple-camera-setup-on-back.jpg
https://img.tyt.by/279x186c/p/03/8/zagl_120618.jpg
https://img.tyt.by/120x80c/n/it/0d/f/samsung_galaxy_a9_star_lite_1527948109069.jpg
https://c1hit.tut.by/stat/825/51441/img/152879549/6960_advertising.gif
https://img.tyt.by/kupi/img/1526023063.jpg
https://img.tyt.by/150x100c/p/0b/10/02_titul.jpg
https://img.tyt.by/432x288c/n/08/8/13_-5_etiketki_2.jpg
https://img.tyt.by/120x80c/n/afisha/09/e/madonna_vykhodit_zamuzh.jpg
https://img.tyt.by/120x80c/p/0b/7/55478.jpg
https://img.tyt.by/432x288c/n/0e/e/money_vklady.jpg
https://img.tyt.by/390x260c/n/brushko/07/9/zhara_02082017_tutby_brush_phsl--5135.jpg
https://img.tyt.by/621x414c/n/04/8/natalya_ivanchikova.jpg
